<?xml version="1.0" encoding="UTF-8"?>
<testng-results skipped="0" failed="0" total="1" passed="1">
  <reporter-output>
  </reporter-output>
  <suite name="Suite" duration-ms="31" started-at="2018-09-25T10:20:34Z" finished-at="2018-09-25T10:20:34Z">
    <groups>
    </groups>
    <test name="Test" duration-ms="31" started-at="2018-09-25T10:20:34Z" finished-at="2018-09-25T10:20:34Z">
      <class name="sel.Sel">
        <test-method status="PASS" signature="addtest()[pri:0, instance:sel.Sel@7225790e]" name="addtest" duration-ms="15" started-at="2018-09-25T15:50:34Z" finished-at="2018-09-25T15:50:34Z">
          <reporter-output>
          </reporter-output>
        </test-method> <!-- addtest -->
      </class> <!-- sel.Sel -->
    </test> <!-- Test -->
  </suite> <!-- Suite -->
</testng-results>
